Line 135: Class WMPLibCtl.WindowsMediaPlayer of control wmpSound was not a loaded control class.
Line 142: The property name URL in wmpSound is invalid.
Line 143: The property name rate in wmpSound is invalid.
Line 144: The property name balance in wmpSound is invalid.
Line 145: The property name currentPosition in wmpSound is invalid.
Line 146: The property name defaultFrame in wmpSound is invalid.
Line 147: The property name playCount in wmpSound is invalid.
Line 148: The property name autoStart in wmpSound is invalid.
Line 149: The property name currentMarker in wmpSound is invalid.
Line 150: The property name invokeURLs in wmpSound is invalid.
Line 151: The property name baseURL in wmpSound is invalid.
Line 152: The property name volume in wmpSound is invalid.
Line 153: The property name mute in wmpSound is invalid.
Line 154: The property name uiMode in wmpSound is invalid.
Line 155: The property name stretchToFit in wmpSound is invalid.
Line 156: The property name windowlessVideo in wmpSound is invalid.
Line 158: The property name enableContextMenu in wmpSound is invalid.
Line 159: The property name fullScreen in wmpSound is invalid.
Line 160: The property name SAMIStyle in wmpSound is invalid.
Line 161: The property name SAMILang in wmpSound is invalid.
Line 162: The property name SAMIFilename in wmpSound is invalid.
Line 163: The property name captioningID in wmpSound is invalid.
Line 164: The property name enableErrorDialogs in wmpSound is invalid.
Line 165: The property name _cx in wmpSound is invalid.
Line 166: The property name _cy in wmpSound is invalid.
